Opencv3412/opencv_3.4.12/build/intermediates/manifest_merge_blame_file/debug/manifest-merger-blame-debug-report.txt
1<?xml version="1.0" encoding="utf-8"?>
2<manifest xmlns:android="http://schemas.android.com/apk/res/android"
3    package="org.opencv"
4    android:versionCode="34120"
5    android:versionName="3.4.12" > <!-- <application -->
6    <!-- android:allowBackup="true" -->
7    <!-- android:icon="@mipmap/ic_launcher" -->
8    <!-- android:label="@string/app_name" -->
9    <!-- android:roundIcon="@mipmap/ic_launcher_round" -->
10    <!-- android:supportsRtl="true" -->
11    <!-- android:theme="@style/AppTheme"> -->
12    <!-- <activity android:name=".MainActivity"> -->
13    <!-- <intent-filter> -->
14    <!-- <action android:name="android.intent.action.MAIN" /> -->
15    <!-- <category android:name="android.intent.category.LAUNCHER" /> -->
16    <!-- </intent-filter> -->
17    <!-- </activity> -->
18    <!-- </application> -->
19    <uses-sdk
19-->opencv_3.4.12\java\AndroidManifest.xml:31:5-47
20        android:minSdkVersion="14"
20-->opencv_3.4.12\java\AndroidManifest.xml:31:5-47
21        android:targetSdkVersion="21" />
21-->opencv_3.4.12\java\AndroidManifest.xml:31:15-44
22
23    <uses-permission
23-->opencv_3.4.12\java\AndroidManifest.xml:7:5-105
24        android:name="android.permission.CAMERA"
24-->opencv_3.4.12\java\AndroidManifest.xml:7:22-62
25        android:required="true" />
25-->opencv_3.4.12\java\AndroidManifest.xml:7:63-86
26    <uses-permission android:name="android.permission.READ_EXTERNAL_STORAGE" />
26-->opencv_3.4.12\java\AndroidManifest.xml:8:5-96
26-->opencv_3.4.12\java\AndroidManifest.xml:8:22-77
27    <uses-permission android:name="android.permission.WRITE_EXTERNAL_STORAGE" />
27-->opencv_3.4.12\java\AndroidManifest.xml:9:5-97
27-->opencv_3.4.12\java\AndroidManifest.xml:9:22-78
28
29    <uses-feature
29-->opencv_3.4.12\java\AndroidManifest.xml:11:5-84
30        android:name="android.hardware.camera"
30-->opencv_3.4.12\java\AndroidManifest.xml:11:19-57
31        android:required="false" />
31-->opencv_3.4.12\java\AndroidManifest.xml:11:58-82
32    <uses-feature
32-->opencv_3.4.12\java\AndroidManifest.xml:12:5-94
33        android:name="android.hardware.camera.autofocus"
33-->opencv_3.4.12\java\AndroidManifest.xml:12:19-67
34        android:required="false" />
34-->opencv_3.4.12\java\AndroidManifest.xml:12:68-92
35    <uses-feature
35-->opencv_3.4.12\java\AndroidManifest.xml:13:5-90
36        android:name="android.hardware.camera.front"
36-->opencv_3.4.12\java\AndroidManifest.xml:13:19-63
37        android:required="false" />
37-->opencv_3.4.12\java\AndroidManifest.xml:13:64-88
38    <uses-feature
38-->opencv_3.4.12\java\AndroidManifest.xml:14:5-100
39        android:name="android.hardware.camera.front.autofocus"
39-->opencv_3.4.12\java\AndroidManifest.xml:14:19-73
40        android:required="false" />
40-->opencv_3.4.12\java\AndroidManifest.xml:14:74-98
41
42</manifest>